Determining if files pthread.h exist failed with the following output:
Change Dir: C:/Users/st00x/LC/LaserChess3DWindows/build/CMakeFiles/CMakeTmp

Run Build Command:"C:/Program Files (x86)/MSBuild/14.0/bin/MSBuild.exe" "cmTryCompileExec4129152927.vcxproj" "/p:Configuration=Debug" "/p:VisualStudioVersion=14.0"
Microsoft (R)-Buildmodul, Version 14.0.23107.0
Copyright (C) Microsoft Corporation. Alle Rechte vorbehalten.

Der Buildvorgang wurde am 04.08.2018 13:45:52 gestartet.
Das in einem BeforeTargets-Attribut bei "C:\Program Files (x86)\MSBuild\Microsoft\NuGet\Microsoft.NuGet.targets (156,61)" aufgefhrte Ziel "BeforeGenerateProjectPriFile" ist nicht im Projekt vorhanden und wird daher ignoriert.
Projekt "C:\Users\st00x\LC\LaserChess3DWindows\build\CMakeFiles\CMakeTmp\cmTryCompileExec4129152927.vcxproj" auf Knoten "1" (Standardziele).
PrepareForBuild:
  Das Verzeichnis "cmTryCompileExec4129152927.dir\Debug\" wird erstellt.
  Das Verzeichnis "C:\Users\st00x\LC\LaserChess3DWindows\build\CMakeFiles\CMakeTmp\Debug\" wird erstellt.
  Das Verzeichnis "cmTryCompileExec4129152927.dir\Debug\cmTryCom.7F50E238.tlog\" wird erstellt.
InitializeBuildStatus:
  "cmTryCompileExec4129152927.dir\Debug\cmTryCom.7F50E238.tlog\unsuccessfulbuild" wird erstellt, da "AlwaysCreate" angegeben wurde.
ClCompile:
  D:\Software\VS2015\VC\bin\CL.exe /c /Zi /W3 /WX- /Od /Ob0 /Oy- /D WIN32 /D _WINDOWS /D _DEBUG /D "CMAKE_INTDIR=\"Debug\"" /D _MBCS /Gm- /RTC1 /MDd /GS /fp:precise /Zc:wchar_t /Zc:forScope /Zc:inline /Fo"cmTryCompileExec4129152927.dir\Debug\\" /Fd"cmTryCompileExec4129152927.dir\Debug\vc140.pdb" /Gd /TC /analyze- /errorReport:queue C:\Users\st00x\LC\LaserChess3DWindows\build\CMakeFiles\CMakeTmp\CheckIncludeFiles.c
  Microsoft (R) C/C++ Optimizing Compiler Version 19.00.23026 for x86
  Copyright (C) Microsoft Corporation.  All rights reserved.
  
  cl /c /Zi /W3 /WX- /Od /Ob0 /Oy- /D WIN32 /D _WINDOWS /D _DEBUG /D "CMAKE_INTDIR=\"Debug\"" /D _MBCS /Gm- /RTC1 /MDd /GS /fp:precise /Zc:wchar_t /Zc:forScope /Zc:inline /Fo"cmTryCompileExec4129152927.dir\Debug\\" /Fd"cmTryCompileExec4129152927.dir\Debug\vc140.pdb" /Gd /TC /analyze- /errorReport:queue C:\Users\st00x\LC\LaserChess3DWindows\build\CMakeFiles\CMakeTmp\CheckIncludeFiles.c
  
  CheckIncludeFiles.c
C:\Users\st00x\LC\LaserChess3DWindows\build\CMakeFiles\CMakeTmp\CheckIncludeFiles.c(2): fatal error C1083: Cannot open include file: 'pthread.h': No such file or directory [C:\Users\st00x\LC\LaserChess3DWindows\build\CMakeFiles\CMakeTmp\cmTryCompileExec4129152927.vcxproj]
Die Erstellung des Projekts "C:\Users\st00x\LC\LaserChess3DWindows\build\CMakeFiles\CMakeTmp\cmTryCompileExec4129152927.vcxproj" ist abgeschlossen (Standardziele) -- FEHLER.

Fehler beim Buildvorgang.

"C:\Users\st00x\LC\LaserChess3DWindows\build\CMakeFiles\CMakeTmp\cmTryCompileExec4129152927.vcxproj" (Standardziel) (1) ->
(ClCompile Ziel) -> 
  C:\Users\st00x\LC\LaserChess3DWindows\build\CMakeFiles\CMakeTmp\CheckIncludeFiles.c(2): fatal error C1083: Cannot open include file: 'pthread.h': No such file or directory [C:\Users\st00x\LC\LaserChess3DWindows\build\CMakeFiles\CMakeTmp\cmTryCompileExec4129152927.vcxproj]

    0 Warnung(en)
    1 Fehler

Verstrichene Zeit 00:00:13.95

Source:
/* */
#include <pthread.h>


int main(void){return 0;}

Determining size of off64_t failed with the following output:
Change Dir: C:/Users/st00x/LC/LaserChess3DWindows/build/CMakeFiles/CMakeTmp

Run Build Command:"C:/Program Files (x86)/MSBuild/14.0/bin/MSBuild.exe" "cmTryCompileExec867913326.vcxproj" "/p:Configuration=Debug" "/p:VisualStudioVersion=14.0"
Microsoft (R)-Buildmodul, Version 14.0.23107.0
Copyright (C) Microsoft Corporation. Alle Rechte vorbehalten.

Der Buildvorgang wurde am 04.08.2018 13:46:18 gestartet.
Das in einem BeforeTargets-Attribut bei "C:\Program Files (x86)\MSBuild\Microsoft\NuGet\Microsoft.NuGet.targets (156,61)" aufgefhrte Ziel "BeforeGenerateProjectPriFile" ist nicht im Projekt vorhanden und wird daher ignoriert.
Projekt "C:\Users\st00x\LC\LaserChess3DWindows\build\CMakeFiles\CMakeTmp\cmTryCompileExec867913326.vcxproj" auf Knoten "1" (Standardziele).
PrepareForBuild:
  Das Verzeichnis "cmTryCompileExec867913326.dir\Debug\" wird erstellt.
  Das Verzeichnis "C:\Users\st00x\LC\LaserChess3DWindows\build\CMakeFiles\CMakeTmp\Debug\" wird erstellt.
  Das Verzeichnis "cmTryCompileExec867913326.dir\Debug\cmTryCom.657656F8.tlog\" wird erstellt.
InitializeBuildStatus:
  "cmTryCompileExec867913326.dir\Debug\cmTryCom.657656F8.tlog\unsuccessfulbuild" wird erstellt, da "AlwaysCreate" angegeben wurde.
ClCompile:
  D:\Software\VS2015\VC\bin\CL.exe /c /Zi /W3 /WX- /Od /Ob0 /Oy- /D WIN32 /D _WINDOWS /D _DEBUG /D _LARGEFILE64_SOURCE=1 /D HAVE_SYS_TYPES_H /D HAVE_STDINT_H /D HAVE_STDDEF_H /D "CMAKE_INTDIR=\"Debug\"" /D _MBCS /Gm- /RTC1 /MDd /GS /fp:precise /Zc:wchar_t /Zc:forScope /Zc:inline /Fo"cmTryCompileExec867913326.dir\Debug\\" /Fd"cmTryCompileExec867913326.dir\Debug\vc140.pdb" /Gd /TC /analyze- /errorReport:queue C:\Users\st00x\LC\LaserChess3DWindows\build\CMakeFiles\CheckTypeSize\OFF64_T.c
  Microsoft (R) C/C++ Optimizing Compiler Version 19.00.23026 for x86
  Copyright (C) Microsoft Corporation.  All rights reserved.
  
  cl /c /Zi /W3 /WX- /Od /Ob0 /Oy- /D WIN32 /D _WINDOWS /D _DEBUG /D _LARGEFILE64_SOURCE=1 /D HAVE_SYS_TYPES_H /D HAVE_STDINT_H /D HAVE_STDDEF_H /D "CMAKE_INTDIR=\"Debug\"" /D _MBCS /Gm- /RTC1 /MDd /GS /fp:precise /Zc:wchar_t /Zc:forScope /Zc:inline /Fo"cmTryCompileExec867913326.dir\Debug\\" /Fd"cmTryCompileExec867913326.dir\Debug\vc140.pdb" /Gd /TC /analyze- /errorReport:queue C:\Users\st00x\LC\LaserChess3DWindows\build\CMakeFiles\CheckTypeSize\OFF64_T.c
  
  OFF64_T.c
C:\Users\st00x\LC\LaserChess3DWindows\build\CMakeFiles\CheckTypeSize\OFF64_T.c(19): error C2065: 'off64_t': undeclared identifier [C:\Users\st00x\LC\LaserChess3DWindows\build\CMakeFiles\CMakeTmp\cmTryCompileExec867913326.vcxproj]
C:\Users\st00x\LC\LaserChess3DWindows\build\CMakeFiles\CheckTypeSize\OFF64_T.c(20): error C2065: 'off64_t': undeclared identifier [C:\Users\st00x\LC\LaserChess3DWindows\build\CMakeFiles\CMakeTmp\cmTryCompileExec867913326.vcxproj]
C:\Users\st00x\LC\LaserChess3DWindows\build\CMakeFiles\CheckTypeSize\OFF64_T.c(21): error C2065: 'off64_t': undeclared identifier [C:\Users\st00x\LC\LaserChess3DWindows\build\CMakeFiles\CMakeTmp\cmTryCompileExec867913326.vcxproj]
C:\Users\st00x\LC\LaserChess3DWindows\build\CMakeFiles\CheckTypeSize\OFF64_T.c(22): error C2065: 'off64_t': undeclared identifier [C:\Users\st00x\LC\LaserChess3DWindows\build\CMakeFiles\CMakeTmp\cmTryCompileExec867913326.vcxproj]
C:\Users\st00x\LC\LaserChess3DWindows\build\CMakeFiles\CheckTypeSize\OFF64_T.c(23): error C2065: 'off64_t': undeclared identifier [C:\Users\st00x\LC\LaserChess3DWindows\build\CMakeFiles\CMakeTmp\cmTryCompileExec867913326.vcxproj]
Die Erstellung des Projekts "C:\Users\st00x\LC\LaserChess3DWindows\build\CMakeFiles\CMakeTmp\cmTryCompileExec867913326.vcxproj" ist abgeschlossen (Standardziele) -- FEHLER.

Fehler beim Buildvorgang.

"C:\Users\st00x\LC\LaserChess3DWindows\build\CMakeFiles\CMakeTmp\cmTryCompileExec867913326.vcxproj" (Standardziel) (1) ->
(ClCompile Ziel) -> 
  C:\Users\st00x\LC\LaserChess3DWindows\build\CMakeFiles\CheckTypeSize\OFF64_T.c(19): error C2065: 'off64_t': undeclared identifier [C:\Users\st00x\LC\LaserChess3DWindows\build\CMakeFiles\CMakeTmp\cmTryCompileExec867913326.vcxproj]
  C:\Users\st00x\LC\LaserChess3DWindows\build\CMakeFiles\CheckTypeSize\OFF64_T.c(20): error C2065: 'off64_t': undeclared identifier [C:\Users\st00x\LC\LaserChess3DWindows\build\CMakeFiles\CMakeTmp\cmTryCompileExec867913326.vcxproj]
  C:\Users\st00x\LC\LaserChess3DWindows\build\CMakeFiles\CheckTypeSize\OFF64_T.c(21): error C2065: 'off64_t': undeclared identifier [C:\Users\st00x\LC\LaserChess3DWindows\build\CMakeFiles\CMakeTmp\cmTryCompileExec867913326.vcxproj]
  C:\Users\st00x\LC\LaserChess3DWindows\build\CMakeFiles\CheckTypeSize\OFF64_T.c(22): error C2065: 'off64_t': undeclared identifier [C:\Users\st00x\LC\LaserChess3DWindows\build\CMakeFiles\CMakeTmp\cmTryCompileExec867913326.vcxproj]
  C:\Users\st00x\LC\LaserChess3DWindows\build\CMakeFiles\CheckTypeSize\OFF64_T.c(23): error C2065: 'off64_t': undeclared identifier [C:\Users\st00x\LC\LaserChess3DWindows\build\CMakeFiles\CMakeTmp\cmTryCompileExec867913326.vcxproj]

    0 Warnung(en)
    5 Fehler

Verstrichene Zeit 00:00:00.39

C:/Users/st00x/LC/LaserChess3DWindows/build/CMakeFiles/CheckTypeSize/OFF64_T.c:
#include <sys/types.h>
#include <stdint.h>
#include <stddef.h>


#undef KEY
#if defined(__i386)
# define KEY '_','_','i','3','8','6'
#elif defined(__x86_64)
# define KEY '_','_','x','8','6','_','6','4'
#elif defined(__ppc__)
# define KEY '_','_','p','p','c','_','_'
#elif defined(__ppc64__)
# define KEY '_','_','p','p','c','6','4','_','_'
#endif

#define SIZE (sizeof(off64_t))
char info_size[] =  {'I', 'N', 'F', 'O', ':', 's','i','z','e','[',
  ('0' + ((SIZE / 10000)%10)),
  ('0' + ((SIZE / 1000)%10)),
  ('0' + ((SIZE / 100)%10)),
  ('0' + ((SIZE / 10)%10)),
  ('0' +  (SIZE    % 10)),
  ']',
#ifdef KEY
  ' ','k','e','y','[', KEY, ']',
#endif
  '\0'};

#ifdef __CLASSIC_C__
int main(argc, argv) int argc; char *argv[];
#else
int main(int argc, char *argv[])
#endif
{
  int require = 0;
  require += info_size[argc];
  (void)argv;
  return require;
}


Determining if the function fseeko exists failed with the following output:
Change Dir: C:/Users/st00x/LC/LaserChess3DWindows/build/CMakeFiles/CMakeTmp

Run Build Command:"C:/Program Files (x86)/MSBuild/14.0/bin/MSBuild.exe" "cmTryCompileExec4231941605.vcxproj" "/p:Configuration=Debug" "/p:VisualStudioVersion=14.0"
Microsoft (R)-Buildmodul, Version 14.0.23107.0
Copyright (C) Microsoft Corporation. Alle Rechte vorbehalten.

Der Buildvorgang wurde am 04.08.2018 13:46:19 gestartet.
Das in einem BeforeTargets-Attribut bei "C:\Program Files (x86)\MSBuild\Microsoft\NuGet\Microsoft.NuGet.targets (156,61)" aufgefhrte Ziel "BeforeGenerateProjectPriFile" ist nicht im Projekt vorhanden und wird daher ignoriert.
Projekt "C:\Users\st00x\LC\LaserChess3DWindows\build\CMakeFiles\CMakeTmp\cmTryCompileExec4231941605.vcxproj" auf Knoten "1" (Standardziele).
PrepareForBuild:
  Das Verzeichnis "cmTryCompileExec4231941605.dir\Debug\" wird erstellt.
  Das Verzeichnis "C:\Users\st00x\LC\LaserChess3DWindows\build\CMakeFiles\CMakeTmp\Debug\" wird erstellt.
  Das Verzeichnis "cmTryCompileExec4231941605.dir\Debug\cmTryCom.04BAC660.tlog\" wird erstellt.
InitializeBuildStatus:
  "cmTryCompileExec4231941605.dir\Debug\cmTryCom.04BAC660.tlog\unsuccessfulbuild" wird erstellt, da "AlwaysCreate" angegeben wurde.
ClCompile:
  D:\Software\VS2015\VC\bin\CL.exe /c /Zi /W3 /WX- /Od /Ob0 /Oy- /D WIN32 /D _WINDOWS /D CHECK_FUNCTION_EXISTS=fseeko /D _DEBUG /D "CMAKE_INTDIR=\"Debug\"" /D _MBCS /Gm- /RTC1 /MDd /GS /fp:precise /Zc:wchar_t /Zc:forScope /Zc:inline /Fo"cmTryCompileExec4231941605.dir\Debug\\" /Fd"cmTryCompileExec4231941605.dir\Debug\vc140.pdb" /Gd /TC /analyze- /errorReport:queue "D:\programming\cmake-3.2.3-win32-x86\share\cmake-3.2\Modules\CheckFunctionExists.c"
  Microsoft (R) C/C++ Optimizing Compiler Version 19.00.23026 for x86
  Copyright (C) Microsoft Corporation.  All rights reserved.
  
  cl /c /Zi /W3 /WX- /Od /Ob0 /Oy- /D WIN32 /D _WINDOWS /D CHECK_FUNCTION_EXISTS=fseeko /D _DEBUG /D "CMAKE_INTDIR=\"Debug\"" /D _MBCS /Gm- /RTC1 /MDd /GS /fp:precise /Zc:wchar_t /Zc:forScope /Zc:inline /Fo"cmTryCompileExec4231941605.dir\Debug\\" /Fd"cmTryCompileExec4231941605.dir\Debug\vc140.pdb" /Gd /TC /analyze- /errorReport:queue "D:\programming\cmake-3.2.3-win32-x86\share\cmake-3.2\Modules\CheckFunctionExists.c"
  
  CheckFunctionExists.c
Link:
  D:\Software\VS2015\VC\bin\link.exe /ERRORREPORT:QUEUE /OUT:"C:\Users\st00x\LC\LaserChess3DWindows\build\CMakeFiles\CMakeTmp\Debug\cmTryCompileExec4231941605.exe" /INCREMENTAL /NOLOGO kernel32.lib user32.lib gdi32.lib winspool.lib shell32.lib ole32.lib oleaut32.lib uuid.lib comdlg32.lib advapi32.lib /MANIFEST /MANIFESTUAC:"level='asInvoker' uiAccess='false'" /manifest:embed /Debug /PDB:"C:/Users/st00x/LC/LaserChess3DWindows/build/CMakeFiles/CMakeTmp/Debug/cmTryCompileExec4231941605.pdb" /SUBSYSTEM:CONSOLE /TLBID:1 /DYNAMICBASE /NXCOMPAT /IMPLIB:"C:/Users/st00x/LC/LaserChess3DWindows/build/CMakeFiles/CMakeTmp/Debug/cmTryCompileExec4231941605.lib" /MACHINE:X86 /SAFESEH  /machine:X86 /debug cmTryCompileExec4231941605.dir\Debug\CheckFunctionExists.obj
CheckFunctionExists.obj : error LNK2019: unresolved external symbol _fseeko referenced in function _main [C:\Users\st00x\LC\LaserChess3DWindows\build\CMakeFiles\CMakeTmp\cmTryCompileExec4231941605.vcxproj]
C:\Users\st00x\LC\LaserChess3DWindows\build\CMakeFiles\CMakeTmp\Debug\cmTryCompileExec4231941605.exe : fatal error LNK1120: 1 unresolved externals [C:\Users\st00x\LC\LaserChess3DWindows\build\CMakeFiles\CMakeTmp\cmTryCompileExec4231941605.vcxproj]
Die Erstellung des Projekts "C:\Users\st00x\LC\LaserChess3DWindows\build\CMakeFiles\CMakeTmp\cmTryCompileExec4231941605.vcxproj" ist abgeschlossen (Standardziele) -- FEHLER.

Fehler beim Buildvorgang.

"C:\Users\st00x\LC\LaserChess3DWindows\build\CMakeFiles\CMakeTmp\cmTryCompileExec4231941605.vcxproj" (Standardziel) (1) ->
(Link Ziel) -> 
  CheckFunctionExists.obj : error LNK2019: unresolved external symbol _fseeko referenced in function _main [C:\Users\st00x\LC\LaserChess3DWindows\build\CMakeFiles\CMakeTmp\cmTryCompileExec4231941605.vcxproj]
  C:\Users\st00x\LC\LaserChess3DWindows\build\CMakeFiles\CMakeTmp\Debug\cmTryCompileExec4231941605.exe : fatal error LNK1120: 1 unresolved externals [C:\Users\st00x\LC\LaserChess3DWindows\build\CMakeFiles\CMakeTmp\cmTryCompileExec4231941605.vcxproj]

    0 Warnung(en)
    2 Fehler

Verstrichene Zeit 00:00:02.17


Determining if the include file unistd.h exists failed with the following output:
Change Dir: C:/Users/st00x/LC/LaserChess3DWindows/build/CMakeFiles/CMakeTmp

Run Build Command:"C:/Program Files (x86)/MSBuild/14.0/bin/MSBuild.exe" "cmTryCompileExec1863066374.vcxproj" "/p:Configuration=Debug" "/p:VisualStudioVersion=14.0"
Microsoft (R)-Buildmodul, Version 14.0.23107.0
Copyright (C) Microsoft Corporation. Alle Rechte vorbehalten.

Der Buildvorgang wurde am 04.08.2018 13:46:21 gestartet.
Das in einem BeforeTargets-Attribut bei "C:\Program Files (x86)\MSBuild\Microsoft\NuGet\Microsoft.NuGet.targets (156,61)" aufgefhrte Ziel "BeforeGenerateProjectPriFile" ist nicht im Projekt vorhanden und wird daher ignoriert.
Projekt "C:\Users\st00x\LC\LaserChess3DWindows\build\CMakeFiles\CMakeTmp\cmTryCompileExec1863066374.vcxproj" auf Knoten "1" (Standardziele).
PrepareForBuild:
  Das Verzeichnis "cmTryCompileExec1863066374.dir\Debug\" wird erstellt.
  Das Verzeichnis "C:\Users\st00x\LC\LaserChess3DWindows\build\CMakeFiles\CMakeTmp\Debug\" wird erstellt.
  Das Verzeichnis "cmTryCompileExec1863066374.dir\Debug\cmTryCom.8CE0D3FF.tlog\" wird erstellt.
InitializeBuildStatus:
  "cmTryCompileExec1863066374.dir\Debug\cmTryCom.8CE0D3FF.tlog\unsuccessfulbuild" wird erstellt, da "AlwaysCreate" angegeben wurde.
ClCompile:
  D:\Software\VS2015\VC\bin\CL.exe /c /Zi /W3 /WX- /Od /Ob0 /Oy- /D WIN32 /D _WINDOWS /D _DEBUG /D "CMAKE_INTDIR=\"Debug\"" /D _MBCS /Gm- /RTC1 /MDd /GS /fp:precise /Zc:wchar_t /Zc:forScope /Zc:inline /Fo"cmTryCompileExec1863066374.dir\Debug\\" /Fd"cmTryCompileExec1863066374.dir\Debug\vc140.pdb" /Gd /TC /analyze- /errorReport:queue C:\Users\st00x\LC\LaserChess3DWindows\build\CMakeFiles\CMakeTmp\CheckIncludeFile.c
  Microsoft (R) C/C++ Optimizing Compiler Version 19.00.23026 for x86
  Copyright (C) Microsoft Corporation.  All rights reserved.
  
  cl /c /Zi /W3 /WX- /Od /Ob0 /Oy- /D WIN32 /D _WINDOWS /D _DEBUG /D "CMAKE_INTDIR=\"Debug\"" /D _MBCS /Gm- /RTC1 /MDd /GS /fp:precise /Zc:wchar_t /Zc:forScope /Zc:inline /Fo"cmTryCompileExec1863066374.dir\Debug\\" /Fd"cmTryCompileExec1863066374.dir\Debug\vc140.pdb" /Gd /TC /analyze- /errorReport:queue C:\Users\st00x\LC\LaserChess3DWindows\build\CMakeFiles\CMakeTmp\CheckIncludeFile.c
  
  CheckIncludeFile.c
C:\Users\st00x\LC\LaserChess3DWindows\build\CMakeFiles\CMakeTmp\CheckIncludeFile.c(1): fatal error C1083: Cannot open include file: 'unistd.h': No such file or directory [C:\Users\st00x\LC\LaserChess3DWindows\build\CMakeFiles\CMakeTmp\cmTryCompileExec1863066374.vcxproj]
Die Erstellung des Projekts "C:\Users\st00x\LC\LaserChess3DWindows\build\CMakeFiles\CMakeTmp\cmTryCompileExec1863066374.vcxproj" ist abgeschlossen (Standardziele) -- FEHLER.

Fehler beim Buildvorgang.

"C:\Users\st00x\LC\LaserChess3DWindows\build\CMakeFiles\CMakeTmp\cmTryCompileExec1863066374.vcxproj" (Standardziel) (1) ->
(ClCompile Ziel) -> 
  C:\Users\st00x\LC\LaserChess3DWindows\build\CMakeFiles\CMakeTmp\CheckIncludeFile.c(1): fatal error C1083: Cannot open include file: 'unistd.h': No such file or directory [C:\Users\st00x\LC\LaserChess3DWindows\build\CMakeFiles\CMakeTmp\cmTryCompileExec1863066374.vcxproj]

    0 Warnung(en)
    1 Fehler

Verstrichene Zeit 00:00:00.41


